<?xml version="1.0" encoding="UTF-8"?>
<testsuite xmlns:xsi="http://www.w3.org/2001/XMLSchema-instance" xsi:noNamespaceSchemaLocation="https://maven.apache.org/surefire/maven-surefire-plugin/xsd/surefire-test-report-3.0.xsd" version="3.0" name="com.example.sys.service.UserServiceTest$CreateUser" time="0.023" tests="2" errors="0" skipped="0" failures="0">
  <properties>
[...]
</properties>
  <testcase name="should_throwBizException_when_usernameExists" classname="com.example.sys.service.UserServiceTest$CreateUser" time="0.007"/>
  <testcase name="should_encryptPassword_and_publishEvent_when_createUser" classname="com.example.sys.service.UserServiceTest$CreateUser" time="0.013"/>
</testsuite>